<?xml version="1.0" encoding="utf-8" ?>
<testsuites tests="25" failures="0" time="0.001">
  <testsuite name="test/test_fsm_legacy" tests="25" failures="0" skipped="0" errors="0" time="0.001">
    <testcase name="test_fsm_new_nullWhenNullTransition" time="0.000"/>
    <testcase name="test_fsm_nullWhenFirstOrigStateIsMinusOne" time="0.000"/>
    <testcase name="test_fsm_nullWhenFirstDstStateIsMinusOne" time="0.000"/>
    <testcase name="test_fsm_nullWhenFirstCheckFunctionIsNull" time="0.000"/>
    <testcase name="test_fsm_new_nonNullWhenOneValidTransitionCondition(NULL)" time="0.000"/>
    <testcase name="test_fsm_new_nonNullWhenOneValidTransitionCondition(do_nothing)" time="0.000"/>
    <testcase name="test_fsm_new_fsmGetStateReturnsOrigStateOfFirstTransitionAfterInit" time="0.000"/>
    <testcase name="test_fsm_fire_isTrueReturnsFalseMeansDoNothingIsNotCalledAndStateKeepsTheSame" time="0.000"/>
    <testcase name="test_fsm_fire_checkFunctionCalledWithFsmPointerFromFsmFire" time="0.000"/>
    <testcase name="test_fsm_fire_checkFunctionIsCalledAndResultIsImportantForTransition(false, 0)" time="0.000"/>
    <testcase name="test_fsm_fire_checkFunctionIsCalledAndResultIsImportantForTransition(true, 1)" time="0.000"/>
    <testcase name="test_fsm_new_nullWhenFsmMallocReturnsNull" time="0.000"/>
    <testcase name="test_fsm_destroy_callsFsmFree" time="0.000"/>
    <testcase name="test_fsm_fire_callsFirstIsTrueFromState0AndThenIsTrue2FromState1" time="0.000"/>
    <testcase name="test_fsm_new_calledTwiceWithSameValidDataCreatesDifferentInstancePointer" time="0.000"/>
    <testcase name="test_set_state_should_set_fsm_state" time="0.000"/>
    <testcase name="test_fire_should_call_out_function" time="0.000"/>
    <testcase name="test_fsm_init_should_not_crash_with_null_transition_table" time="0.000"/>
    <testcase name="test_fsm_init_ReturnsZeroWhenExceedingMaxTransitions" time="0.000"/>
    <testcase name="test_fsm_new_ReturnsNullWhenTransitionsExceedLimit" time="0.000"/>
    <testcase name="test_fsm_new_returnsNullWhenTransitionTableMissingEndMarker" time="0.000"/>
    <testcase name="test_fsm_fire_GuardNullActsAsTrueAndTriggersTransition" time="0.000"/>
    <testcase name="test_fsm_fire_ReturnsMinusOneWhenNoTransitionsForState" time="0.000"/>
    <testcase name="test_fsm_fire_ReturnsZeroWhenGuardReturnsFalse" time="0.000"/>
    <testcase name="test_fsm_fire_ReturnsOneWhenGuardIsTrueAndFiresTransition" time="0.000"/>
  </testsuite>
</testsuites>
